Confirmation email failed: Error: Missing EMAIL_USER or EMAIL_PASS environment variables
    at createEmailTransporter (C:\Users\ansu3\OneDrive\Desktop\Event-Registration-App\backend\config\email.js:13:11)
    at sendRegistrationEmail (C:\Users\ansu3\OneDrive\Desktop\Event-Registration-App\backend\config\email.js:30:23)
    at C:\Users\ansu3\OneDrive\Desktop\Event-Registration-App\backend\routes\registrationRoutes.js:33:13
    at process.processTicksAndRejections (node:internal/process/task_queues:104:5)
Confirmation email failed: Error: Missing EMAIL_USER or EMAIL_PASS environment variables
    at createEmailTransporter (C:\Users\ansu3\OneDrive\Desktop\Event-Registration-App\backend\config\email.js:13:11)
    at sendRegistrationEmail (C:\Users\ansu3\OneDrive\Desktop\Event-Registration-App\backend\config\email.js:30:23)
    at C:\Users\ansu3\OneDrive\Desktop\Event-Registration-App\backend\routes\registrationRoutes.js:33:13
    at process.processTicksAndRejections (node:internal/process/task_queues:104:5)
Error fetching events: MongoServerError: bad auth : authentication failed
    at Connection.sendCommand (C:\Users\ansu3\OneDrive\Desktop\Event-Registration-App\backend\node_modules\mongodb\lib\cmap\connection.js:320:27)
    at process.processTicksAndRejections (node:internal/process/task_queues:104:5)
    at async Connection.command (C:\Users\ansu3\OneDrive\Desktop\Event-Registration-App\backend\node_modules\mongodb\lib\cmap\connection.js:347:26)
    at async continueScramConversation (C:\Users\ansu3\OneDrive\Desktop\Event-Registration-App\backend\node_modules\mongodb\lib\cmap\auth\scram.js:130:15)
    at async executeScram (C:\Users\ansu3\OneDrive\Desktop\Event-Registration-App\backend\node_modules\mongodb\lib\cmap\auth\scram.js:79:5)
    at async ScramSHA1.auth (C:\Users\ansu3\OneDrive\Desktop\Event-Registration-App\backend\node_modules\mongodb\lib\cmap\auth\scram.js:38:16)
    at async performInitialHandshake (C:\Users\ansu3\OneDrive\Desktop\Event-Registration-App\backend\node_modules\mongodb\lib\cmap\connect.js:110:13)
    at async connect (C:\Users\ansu3\OneDrive\Desktop\Event-Registration-App\backend\node_modules\mongodb\lib\cmap\connect.js:28:9) {
  errorLabelSet: Set(2) { 'HandshakeError', 'ResetPool' },
  errorResponse: {
    ok: 0,
    errmsg: 'bad auth : authentication failed',
    code: 8000,
    codeName: 'AtlasError'
  },
  ok: 0,
  code: 8000,
  codeName: 'AtlasError',
  connectionGeneration: 5
}
